<?xml version="1.0" encoding="UTF-8"?>
<testsuite name="pesquisa.pesquisa" tests="3" skipped="0" failures="0" errors="0" timestamp="2020-11-29T16:26:29" hostname="DESKTOP-193CDHM" time="50.337">
  <properties/>
  <testcase name="pesquisar[0]" classname="pesquisa.pesquisa" time="18.519"/>
  <testcase name="pesquisar[1]" classname="pesquisa.pesquisa" time="14.06"/>
  <testcase name="pesquisar[2]" classname="pesquisa.pesquisa" time="17.757"/>
  <system-out><![CDATA[]]></system-out>
  <system-err><![CDATA[Starting ChromeDriver 87.0.4280.20 (c99e81631faa0b2a448e658c0dbd8311fb04ddbd-refs/branch-heads/4280@{#355}) on port 42469
Only local connections are allowed.
Please see https://chromedriver.chromium.org/security-considerations for suggestions on keeping ChromeDriver safe.
ChromeDriver was started successfully.
nov 29, 2020 1:26:33 PM org.openqa.selenium.remote.ProtocolHandshake createSession
INFORMAÇÕES: Detected dialect: W3C
1606667208516	geckodriver	INFO	Listening on 127.0.0.1:32778
1606667208847	mozrunner::runner	INFO	Running command: "C:\\Program Files\\Mozilla Firefox\\firefox.exe" "--marionette" "-foreground" "-no-remote" "-profile" "C:\\Users\\Dell\\AppData\\Local\\Temp\\rust_mozprofileovX2rs"
JavaScript error: resource://gre/modules/XULStore.jsm, line 66: Error: Can't find profile directory.
console.warn: SearchSettings: "get: No settings file exists, new profile?" (new Error("", "(unknown module)"))
1606667211138	Marionette	INFO	Listening on port 52423
1606667211487	Marionette	WARN	TLS certificate errors will be ignored for this session
nov 29, 2020 1:26:51 PM org.openqa.selenium.remote.ProtocolHandshake createSession
INFORMAÇÕES: Detected dialect: W3C
console.warn: SearchTelemetry: "Expected to report URI for" "https://www.google.com/search?source=hp&ei=y8vDX6vkO7qo5OUP24Kw6Aw&q=como+testar+software&oq=como+testar+software&gs_lcp=CgZwc3ktYWIQA1DHE1ikFGCcFWgBcAB4AIABAIgBAJIBAJgBAKABAaoBB2d3cy13aXqwAQA&sclient=psy-ab&ved=0ahUKEwjr9cTjlajtAhU6FLkGHVsBDM0Q4dUDCAY&uact=5" "with ads but couldn't find the information"
1606667221148	Marionette	INFO	Stopped listening on port 52423

###!!! [Child][RunMessage] Error: Channel closing: too late to send/recv, messages will be lost


###!!! [Child][RunMessage] Error: Channel closing: too late to send/recv, messages will be lost


###!!! [Child][MessageChannel::SendAndWait] Error: Channel error: cannot send/recv

Starting MSEdgeDriver 87.0.664.47 (ba159091e772c52e16e8d82850f3c8b934507b5d) on port 24145
Only local connections are allowed.
Please see https://chromedriver.chromium.org/security-considerations for suggestions on keeping MSEdgeDriver safe.
MSEdgeDriver was started successfully.
nov 29, 2020 1:27:05 PM org.openqa.selenium.remote.ProtocolHandshake createSession
INFORMAÇÕES: Detected dialect: W3C
]]></system-err>
</testsuite>
