<?xml version="1.0" encoding="UTF-8"?>
<testsuite name="pesquisa.pesquisa" tests="3" skipped="0" failures="0" errors="0" timestamp="2020-11-28T23:01:34" hostname="DESKTOP-193CDHM" time="49.459">
  <properties/>
  <testcase name="pesquisar[0]" classname="pesquisa.pesquisa" time="17.064"/>
  <testcase name="pesquisar[1]" classname="pesquisa.pesquisa" time="13.827"/>
  <testcase name="pesquisar[2]" classname="pesquisa.pesquisa" time="18.542"/>
  <system-out><![CDATA[]]></system-out>
  <system-err><![CDATA[Starting ChromeDriver 87.0.4280.20 (c99e81631faa0b2a448e658c0dbd8311fb04ddbd-refs/branch-heads/4280@{#355}) on port 30798
Only local connections are allowed.
Please see https://chromedriver.chromium.org/security-considerations for suggestions on keeping ChromeDriver safe.
ChromeDriver was started successfully.
nov 28, 2020 8:01:38 PM org.openqa.selenium.remote.ProtocolHandshake createSession
INFORMAÇÕES: Detected dialect: W3C
1606604511955	geckodriver	INFO	Listening on 127.0.0.1:4184
1606604512443	mozrunner::runner	INFO	Running command: "C:\\Program Files\\Mozilla Firefox\\firefox.exe" "--marionette" "-foreground" "-no-remote" "-profile" "C:\\Users\\Dell\\AppData\\Local\\Temp\\rust_mozprofileL4NTBt"
JavaScript error: resource://gre/modules/XULStore.jsm, line 66: Error: Can't find profile directory.
console.warn: SearchSettings: "get: No settings file exists, new profile?" (new Error("", "(unknown module)"))
1606604515318	Marionette	INFO	Listening on port 52437
1606604515572	Marionette	WARN	TLS certificate errors will be ignored for this session
nov 28, 2020 8:01:55 PM org.openqa.selenium.remote.ProtocolHandshake createSession
INFORMAÇÕES: Detected dialect: W3C
console.warn: SearchTelemetry: "Expected to report URI for" "https://www.google.com/search?source=hp&ei=5dbCX7_xHPKx5OUPufe82Ak&q=como+testar+software&oq=como+testar+software&gs_lcp=CgZwc3ktYWIQA1CDEFjkEGDXEWgBcAB4AIABAIgBAJIBAJgBAKABAaoBB2d3cy13aXqwAQA&sclient=psy-ab&ved=0ahUKEwj_97ucrKbtAhXyGLkGHbk7D5sQ4dUDCAY&uact=5" "with ads but couldn't find the information"
1606604524219	Marionette	INFO	Stopped listening on port 52437

###!!! [Child][RunMessage] Error: Channel closing: too late to send/recv, messages will be lost


###!!! [Child][MessageChannel::SendAndWait] Error: Channel error: cannot send/recv

Starting MSEdgeDriver 87.0.664.47 (ba159091e772c52e16e8d82850f3c8b934507b5d) on port 40868
Only local connections are allowed.
Please see https://chromedriver.chromium.org/security-considerations for suggestions on keeping MSEdgeDriver safe.
MSEdgeDriver was started successfully.
nov 28, 2020 8:02:08 PM org.openqa.selenium.remote.ProtocolHandshake createSession
INFORMAÇÕES: Detected dialect: W3C
]]></system-err>
</testsuite>
