<?xml version="1.0" encoding="UTF-8"?>
<testsuite name="login.loginValido" tests="1" skipped="0" failures="0" errors="0" timestamp="2020-11-22T14:22:41" hostname="DESKTOP-193CDHM" time="32.456">
  <properties/>
  <testcase name="efetuarLogin" classname="login.loginValido" time="32.456"/>
  <system-out><![CDATA[]]></system-out>
  <system-err><![CDATA[Starting ChromeDriver 87.0.4280.20 (c99e81631faa0b2a448e658c0dbd8311fb04ddbd-refs/branch-heads/4280@{#355}) on port 30290
Only local connections are allowed.
Please see https://chromedriver.chromium.org/security-considerations for suggestions on keeping ChromeDriver safe.
ChromeDriver was started successfully.
nov 22, 2020 11:22:45 AM org.openqa.selenium.remote.ProtocolHandshake createSession
INFORMAÇÕES: Detected dialect: W3C
]]></system-err>
</testsuite>
